2014/06/03 06:02:09 [error] [exception.CHttpException.404] exception 'CHttpException' with message 'Unable to resolve the request "gill".' in D:\wamp\www\yii\framework\web\CWebApplication.php:286
Stack trace:
#0 D:\wamp\www\yii\framework\web\CWebApplication.php(141): CWebApplication->runController('gill')
#1 D:\wamp\www\yii\framework\base\CApplication.php(180): CWebApplication->processRequest()
#2 D:\wamp\www\app\admin.php(13): CApplication->run()
#3 {main}
REQUEST_URI=/admin.php?r=gill
---
2014/06/03 06:02:26 [error] [exception.CDbException] exception 'CDbException' with message 'CDbConnection failed to open the DB connection: SQLSTATE[HY000] [14] unable to open database file' in D:\wamp\www\yii\framework\db\CDbConnection.php:382
Stack trace:
#0 D:\wamp\www\yii\framework\db\CDbConnection.php(330): CDbConnection->open()
#1 D:\wamp\www\yii\framework\db\CDbConnection.php(308): CDbConnection->setActive(true)
#2 D:\wamp\www\yii\framework\base\CModule.php(387): CDbConnection->init()
#3 D:\wamp\www\yii\framework\base\CModule.php(103): CModule->getComponent('db')
#4 D:\wamp\www\yii\framework\gii\generators\model\ModelCode.php(60): CModule->__get('db')
#5 D:\wamp\www\yii\framework\web\CFormModel.php(39): ModelCode->init()
#6 D:\wamp\www\yii\framework\gii\CCodeGenerator.php(153): CFormModel->__construct()
#7 D:\wamp\www\yii\framework\gii\CCodeGenerator.php(63): CCodeGenerator->prepare()
#8 D:\wamp\www\yii\framework\web\actions\CInlineAction.php(49): CCodeGenerator->actionIndex()
#9 D:\wamp\www\yii\framework\web\CController.php(308): CInlineAction->runWithParams(Array)
#10 D:\wamp\www\yii\framework\web\CController.php(286): CController->runAction(Object(CInlineAction))
#11 D:\wamp\www\yii\framework\web\CController.php(265): CController->runActionWithFilters(Object(CInlineAction), Array)
#12 D:\wamp\www\yii\framework\web\CWebApplication.php(282): CController->run('index')
#13 D:\wamp\www\yii\framework\web\CWebApplication.php(141): CWebApplication->runController('gii/model/index')
#14 D:\wamp\www\yii\framework\base\CApplication.php(180): CWebApplication->processRequest()
#15 D:\wamp\www\app\admin.php(13): CApplication->run()
#16 {main}
REQUEST_URI=/admin.php?r=gii/model/index
HTTP_REFERER=http://www.app.com/admin.php?r=gii/module/index
---
2014/06/03 06:02:30 [error] [exception.CDbException] exception 'CDbException' with message 'CDbConnection failed to open the DB connection: SQLSTATE[HY000] [14] unable to open database file' in D:\wamp\www\yii\framework\db\CDbConnection.php:382
Stack trace:
#0 D:\wamp\www\yii\framework\db\CDbConnection.php(330): CDbConnection->open()
#1 D:\wamp\www\yii\framework\db\CDbConnection.php(308): CDbConnection->setActive(true)
#2 D:\wamp\www\yii\framework\base\CModule.php(387): CDbConnection->init()
#3 D:\wamp\www\yii\framework\base\CModule.php(103): CModule->getComponent('db')
#4 D:\wamp\www\yii\framework\gii\generators\model\ModelCode.php(60): CModule->__get('db')
#5 D:\wamp\www\yii\framework\web\CFormModel.php(39): ModelCode->init()
#6 D:\wamp\www\yii\framework\gii\CCodeGenerator.php(153): CFormModel->__construct()
#7 D:\wamp\www\yii\framework\gii\CCodeGenerator.php(63): CCodeGenerator->prepare()
#8 D:\wamp\www\yii\framework\web\actions\CInlineAction.php(49): CCodeGenerator->actionIndex()
#9 D:\wamp\www\yii\framework\web\CController.php(308): CInlineAction->runWithParams(Array)
#10 D:\wamp\www\yii\framework\web\CController.php(286): CController->runAction(Object(CInlineAction))
#11 D:\wamp\www\yii\framework\web\CController.php(265): CController->runActionWithFilters(Object(CInlineAction), Array)
#12 D:\wamp\www\yii\framework\web\CWebApplication.php(282): CController->run('index')
#13 D:\wamp\www\yii\framework\web\CWebApplication.php(141): CWebApplication->runController('gii/model/index')
#14 D:\wamp\www\yii\framework\base\CApplication.php(180): CWebApplication->processRequest()
#15 D:\wamp\www\app\admin.php(13): CApplication->run()
#16 {main}
REQUEST_URI=/admin.php?r=gii/model/index
HTTP_REFERER=http://www.app.com/admin.php?r=gii/module/index
---
